<?xml version="1.0" encoding="UTF-8"?>
<!-- Generated by org.testng.reporters.JUnitReportReporter -->
<testsuite hostname="ZSCHN01LP0391" failures="0" tests="1" name="practice.Login" time="7.822" errors="0" timestamp="2024-02-22T14:43:34 IST" skipped="0">
  <testcase classname="practice.Login" name="login" time="7.822"/>
  <system-out/>
</testsuite> <!-- practice.Login -->
